# JRE version: OpenJDK Runtime Environment Temurin-17.0.10+7 (17.0.10+7) (build 17.0.10+7)
# Java VM: OpenJDK 64-Bit Server VM Temurin-17.0.10+7 (17.0.10+7, mixed mode, tiered, compressed oops, compressed class ptrs, parallel gc, windows-amd64)
GC Precious Log:
 CPUs: 2 total, 2 available
 Memory: 8191M
 Large Page Support: Disabled
 NUMA Support: Disabled
 Compressed Oops: Enabled (32-bit)
 Alignments: Space 512K, Generation 512K, Heap 2M
 Heap Min Capacity: 100M
 Heap Initial Capacity: 100M
 Heap Max Capacity: 1G
 Pre-touch: Disabled
 Parallel Workers: 2
Heap:
 PSYoungGen      total 23552K, used 22592K [0x00000000eab00000, 0x00000000ec580000, 0x0000000100000000)
  eden space 22016K, 100% used [0x00000000eab00000,0x00000000ec080000,0x00000000ec080000)
  from space 1536K, 37% used [0x00000000ec280000,0x00000000ec310020,0x00000000ec400000)
  to   space 1024K, 0% used [0x00000000ec480000,0x00000000ec480000,0x00000000ec580000)
 ParOldGen       total 68608K, used 37880K [0x00000000c0000000, 0x00000000c4300000, 0x00000000eab00000)
  object space 68608K, 55% used [0x00000000c0000000,0x00000000c24fe0c0,0x00000000c4300000)
 Metaspace       used 65043K, committed 66112K, reserved 1114112K
  class space    used 7028K, committed 7488K, reserved 1048576K
GC Heap History (20 events):
Event: 47.238 GC heap before
{Heap before GC invocations=25 (full 2):
 PSYoungGen      total 24576K, used 24160K [0x00000000eab00000, 0x00000000ec680000, 0x0000000100000000)
  eden space 22016K, 100% used [0x00000000eab00000,0x00000000ec080000,0x00000000ec080000)
  from space 2560K, 83% used [0x00000000ec400000,0x00000000ec618000,0x00000000ec680000)
  to   space 2560K, 0% used [0x00000000ec180000,0x00000000ec180000,0x00000000ec400000)
 ParOldGen       total 68608K, used 30725K [0x00000000c0000000, 0x00000000c4300000, 0x00000000eab00000)
  object space 68608K, 44% used [0x00000000c0000000,0x00000000c1e01588,0x00000000c4300000)
 Metaspace       used 53002K, committed 53952K, reserved 1114112K
  class space    used 5729K, committed 6208K, reserved 1048576K
}
Event: 47.261 GC heap after
{Heap after GC invocations=25 (full 2):
 PSYoungGen      total 24576K, used 2560K [0x00000000eab00000, 0x00000000ecc80000, 0x0000000100000000)
  eden space 22016K, 0% used [0x00000000eab00000,0x00000000eab00000,0x00000000ec080000)
  from space 2560K, 100% used [0x00000000ec180000,0x00000000ec400000,0x00000000ec400000)
  to   space 6144K, 0% used [0x00000000ec680000,0x00000000ec680000,0x00000000ecc80000)
 ParOldGen       total 68608K, used 33469K [0x00000000c0000000, 0x00000000c4300000, 0x00000000eab00000)
  object space 68608K, 48% used [0x00000000c0000000,0x00000000c20af698,0x00000000c4300000)
 Metaspace       used 53002K, committed 53952K, reserved 1114112K
  class space    used 5729K, committed 6208K, reserved 1048576K
}
Event: 48.041 GC heap before
{Heap before GC invocations=26 (full 2):
 PSYoungGen      total 24576K, used 24576K [0x00000000eab00000, 0x00000000ecc80000, 0x0000000100000000)
  eden space 22016K, 100% used [0x00000000eab00000,0x00000000ec080000,0x00000000ec080000)
  from space 2560K, 100% used [0x00000000ec180000,0x00000000ec400000,0x00000000ec400000)
  to   space 6144K, 0% used [0x00000000ec680000,0x00000000ec680000,0x00000000ecc80000)
 ParOldGen       total 68608K, used 33469K [0x00000000c0000000, 0x00000000c4300000, 0x00000000eab00000)
  object space 68608K, 48% used [0x00000000c0000000,0x00000000c20af698,0x00000000c4300000)
 Metaspace       used 55495K, committed 56512K, reserved 1114112K
  class space    used 5976K, committed 6464K, reserved 1048576K
}
Event: 48.054 GC heap after
{Heap after GC invocations=26 (full 2):
 PSYoungGen      total 23040K, used 600K [0x00000000eab00000, 0x00000000ec780000, 0x0000000100000000)
  eden space 22016K, 0% used [0x00000000eab00000,0x00000000eab00000,0x00000000ec080000)
  from space 1024K, 58% used [0x00000000ec680000,0x00000000ec716008,0x00000000ec780000)
  to   space 2560K, 0% used [0x00000000ec280000,0x00000000ec280000,0x00000000ec500000)
 ParOldGen       total 68608K, used 36048K [0x00000000c0000000, 0x00000000c4300000, 0x00000000eab00000)
  object space 68608K, 52% used [0x00000000c0000000,0x00000000c2334278,0x00000000c4300000)
 Metaspace       used 55495K, committed 56512K, reserved 1114112K
  class space    used 5976K, committed 6464K, reserved 1048576K
}
Event: 48.401 GC heap before
{Heap before GC invocations=27 (full 2):
 PSYoungGen      total 23040K, used 22616K [0x00000000eab00000, 0x00000000ec780000, 0x0000000100000000)
  eden space 22016K, 100% used [0x00000000eab00000,0x00000000ec080000,0x00000000ec080000)
  from space 1024K, 58% used [0x00000000ec680000,0x00000000ec716008,0x00000000ec780000)
  to   space 2560K, 0% used [0x00000000ec280000,0x00000000ec280000,0x00000000ec500000)
 ParOldGen       total 68608K, used 36048K [0x00000000c0000000, 0x00000000c4300000, 0x00000000eab00000)
  object space 68608K, 52% used [0x00000000c0000000,0x00000000c2334278,0x00000000c4300000)
 Metaspace       used 56516K, committed 57472K, reserved 1114112K
  class space    used 6105K, committed 6528K, reserved 1048576K
}
Event: 48.410 GC heap after
{Heap after GC invocations=27 (full 2):
 PSYoungGen      total 24576K, used 1560K [0x00000000eab00000, 0x00000000ec700000, 0x0000000100000000)
  eden space 22016K, 0% used [0x00000000eab00000,0x00000000eab00000,0x00000000ec080000)
  from space 2560K, 60% used [0x00000000ec280000,0x00000000ec4060f0,0x00000000ec500000)
  to   space 2048K, 0% used [0x00000000ec500000,0x00000000ec500000,0x00000000ec700000)
 ParOldGen       total 68608K, used 36650K [0x00000000c0000000, 0x00000000c4300000, 0x00000000eab00000)
  object space 68608K, 53% used [0x00000000c0000000,0x00000000c23cabe8,0x00000000c4300000)
 Metaspace       used 56516K, committed 57472K, reserved 1114112K
  class space    used 6105K, committed 6528K, reserved 1048576K
}
Event: 48.619 GC heap before
{Heap before GC invocations=28 (full 2):
 PSYoungGen      total 24576K, used 23576K [0x00000000eab00000, 0x00000000ec700000, 0x0000000100000000)
  eden space 22016K, 100% used [0x00000000eab00000,0x00000000ec080000,0x00000000ec080000)
  from space 2560K, 60% used [0x00000000ec280000,0x00000000ec4060f0,0x00000000ec500000)
  to   space 2048K, 0% used [0x00000000ec500000,0x00000000ec500000,0x00000000ec700000)
 ParOldGen       total 68608K, used 36650K [0x00000000c0000000, 0x00000000c4300000, 0x00000000eab00000)
  object space 68608K, 53% used [0x00000000c0000000,0x00000000c23cabe8,0x00000000c4300000)
 Metaspace       used 57396K, committed 58304K, reserved 1114112K
  class space    used 6194K, committed 6592K, reserved 1048576K
}
Event: 48.667 GC heap after
{Heap after GC invocations=28 (full 2):
 PSYoungGen      total 22528K, used 96K [0x00000000eab00000, 0x00000000ec580000, 0x0000000100000000)
  eden space 22016K, 0% used [0x00000000eab00000,0x00000000eab00000,0x00000000ec080000)
  from space 512K, 18% used [0x00000000ec500000,0x00000000ec518000,0x00000000ec580000)
  to   space 1024K, 0% used [0x00000000ec380000,0x00000000ec380000,0x00000000ec480000)
 ParOldGen       total 68608K, used 36826K [0x00000000c0000000, 0x00000000c4300000, 0x00000000eab00000)
  object space 68608K, 53% used [0x00000000c0000000,0x00000000c23f6be8,0x00000000c4300000)
 Metaspace       used 57396K, committed 58304K, reserved 1114112K
  class space    used 6194K, committed 6592K, reserved 1048576K
}
Event: 49.015 GC heap before
{Heap before GC invocations=29 (full 2):
 PSYoungGen      total 22528K, used 6981K [0x00000000eab00000, 0x00000000ec580000, 0x0000000100000000)
  eden space 22016K, 31% used [0x00000000eab00000,0x00000000eb1b95d0,0x00000000ec080000)
  from space 512K, 18% used [0x00000000ec500000,0x00000000ec518000,0x00000000ec580000)
  to   space 1024K, 0% used [0x00000000ec380000,0x00000000ec380000,0x00000000ec480000)
 ParOldGen       total 68608K, used 36826K [0x00000000c0000000, 0x00000000c4300000, 0x00000000eab00000)
  object space 68608K, 53% used [0x00000000c0000000,0x00000000c23f6be8,0x00000000c4300000)
 Metaspace       used 58825K, committed 59776K, reserved 1114112K
  class space    used 6365K, committed 6848K, reserved 1048576K
}
Event: 49.043 GC heap after
{Heap after GC invocations=29 (full 2):
 PSYoungGen      total 23040K, used 339K [0x00000000eab00000, 0x00000000ec580000, 0x0000000100000000)
  eden space 22016K, 0% used [0x00000000eab00000,0x00000000eab00000,0x00000000ec080000)
  from space 1024K, 33% used [0x00000000ec380000,0x00000000ec3d4fa0,0x00000000ec480000)
  to   space 512K, 0% used [0x00000000ec500000,0x00000000ec500000,0x00000000ec580000)
 ParOldGen       total 68608K, used 36866K [0x00000000c0000000, 0x00000000c4300000, 0x00000000eab00000)
  object space 68608K, 53% used [0x00000000c0000000,0x00000000c2400be8,0x00000000c4300000)
 Metaspace       used 58825K, committed 59776K, reserved 1114112K
  class space    used 6365K, committed 6848K, reserved 1048576K
}
Event: 49.043 GC heap before
{Heap before GC invocations=30 (full 3):
 PSYoungGen      total 23040K, used 339K [0x00000000eab00000, 0x00000000ec580000, 0x0000000100000000)
  eden space 22016K, 0% used [0x00000000eab00000,0x00000000eab00000,0x00000000ec080000)
  from space 1024K, 33% used [0x00000000ec380000,0x00000000ec3d4fa0,0x00000000ec480000)
  to   space 512K, 0% used [0x00000000ec500000,0x00000000ec500000,0x00000000ec580000)
 ParOldGen       total 68608K, used 36866K [0x00000000c0000000, 0x00000000c4300000, 0x00000000eab00000)
  object space 68608K, 53% used [0x00000000c0000000,0x00000000c2400be8,0x00000000c4300000)
 Metaspace       used 58825K, committed 59776K, reserved 1114112K
  class space    used 6365K, committed 6848K, reserved 1048576K
}
Event: 49.238 GC heap after
{Heap after GC invocations=30 (full 3):
 PSYoungGen      total 23040K, used 0K [0x00000000eab00000, 0x00000000ec580000, 0x0000000100000000)
  eden space 22016K, 0% used [0x00000000eab00000,0x00000000eab00000,0x00000000ec080000)
  from space 1024K, 0% used [0x00000000ec380000,0x00000000ec380000,0x00000000ec480000)
  to   space 512K, 0% used [0x00000000ec500000,0x00000000ec500000,0x00000000ec580000)
 ParOldGen       total 68608K, used 35699K [0x00000000c0000000, 0x00000000c4300000, 0x00000000eab00000)
  object space 68608K, 52% used [0x00000000c0000000,0x00000000c22dcc08,0x00000000c4300000)
 Metaspace       used 58825K, committed 59776K, reserved 1114112K
  class space    used 6365K, committed 6848K, reserved 1048576K
}
Event: 50.693 GC heap before
{Heap before GC invocations=31 (full 3):
 PSYoungGen      total 23040K, used 22016K [0x00000000eab00000, 0x00000000ec580000, 0x0000000100000000)
  eden space 22016K, 100% used [0x00000000eab00000,0x00000000ec080000,0x00000000ec080000)
  from space 1024K, 0% used [0x00000000ec380000,0x00000000ec380000,0x00000000ec480000)
  to   space 512K, 0% used [0x00000000ec500000,0x00000000ec500000,0x00000000ec580000)
 ParOldGen       total 68608K, used 35699K [0x00000000c0000000, 0x00000000c4300000, 0x00000000eab00000)
  object space 68608K, 52% used [0x00000000c0000000,0x00000000c22dcc08,0x00000000c4300000)
 Metaspace       used 60110K, committed 61120K, reserved 1114112K
  class space    used 6514K, committed 6976K, reserved 1048576K
}
Event: 50.700 GC heap after
{Heap after GC invocations=31 (full 3):
 PSYoungGen      total 22528K, used 448K [0x00000000eab00000, 0x00000000ec580000, 0x0000000100000000)
  eden space 22016K, 0% used [0x00000000eab00000,0x00000000eab00000,0x00000000ec080000)
  from space 512K, 87% used [0x00000000ec500000,0x00000000ec570000,0x00000000ec580000)
  to   space 512K, 0% used [0x00000000ec480000,0x00000000ec480000,0x00000000ec500000)
 ParOldGen       total 68608K, used 35707K [0x00000000c0000000, 0x00000000c4300000, 0x00000000eab00000)
  object space 68608K, 52% used [0x00000000c0000000,0x00000000c22dec08,0x00000000c4300000)
 Metaspace       used 60110K, committed 61120K, reserved 1114112K
  class space    used 6514K, committed 6976K, reserved 1048576K
}
Event: 51.645 GC heap before
{Heap before GC invocations=32 (full 3):
 PSYoungGen      total 22528K, used 22464K [0x00000000eab00000, 0x00000000ec580000, 0x0000000100000000)
  eden space 22016K, 100% used [0x00000000eab00000,0x00000000ec080000,0x00000000ec080000)
  from space 512K, 87% used [0x00000000ec500000,0x00000000ec570000,0x00000000ec580000)
  to   space 512K, 0% used [0x00000000ec480000,0x00000000ec480000,0x00000000ec500000)
 ParOldGen       total 68608K, used 35707K [0x00000000c0000000, 0x00000000c4300000, 0x00000000eab00000)
  object space 68608K, 52% used [0x00000000c0000000,0x00000000c22dec08,0x00000000c4300000)
 Metaspace       used 62065K, committed 63040K, reserved 1114112K
  class space    used 6714K, committed 7168K, reserved 1048576K
}
Event: 51.655 GC heap after
{Heap after GC invocations=32 (full 3):
 PSYoungGen      total 22528K, used 496K [0x00000000eab00000, 0x00000000ec580000, 0x0000000100000000)
  eden space 22016K, 0% used [0x00000000eab00000,0x00000000eab00000,0x00000000ec080000)
  from space 512K, 96% used [0x00000000ec480000,0x00000000ec4fc010,0x00000000ec500000)
  to   space 512K, 0% used [0x00000000ec500000,0x00000000ec500000,0x00000000ec580000)
 ParOldGen       total 68608K, used 36727K [0x00000000c0000000, 0x00000000c4300000, 0x00000000eab00000)
  object space 68608K, 53% used [0x00000000c0000000,0x00000000c23dde80,0x00000000c4300000)
 Metaspace       used 62065K, committed 63040K, reserved 1114112K
  class space    used 6714K, committed 7168K, reserved 1048576K
}
Event: 53.505 GC heap before
{Heap before GC invocations=33 (full 3):
 PSYoungGen      total 22528K, used 22512K [0x00000000eab00000, 0x00000000ec580000, 0x0000000100000000)
  eden space 22016K, 100% used [0x00000000eab00000,0x00000000ec080000,0x00000000ec080000)
  from space 512K, 96% used [0x00000000ec480000,0x00000000ec4fc010,0x00000000ec500000)
  to   space 512K, 0% used [0x00000000ec500000,0x00000000ec500000,0x00000000ec580000)
 ParOldGen       total 68608K, used 36727K [0x00000000c0000000, 0x00000000c4300000, 0x00000000eab00000)
  object space 68608K, 53% used [0x00000000c0000000,0x00000000c23dde80,0x00000000c4300000)
 Metaspace       used 64249K, committed 65280K, reserved 1114112K
  class space    used 6959K, committed 7424K, reserved 1048576K
}
Event: 53.514 GC heap after
{Heap after GC invocations=33 (full 3):
 PSYoungGen      total 22528K, used 480K [0x00000000eab00000, 0x00000000ec580000, 0x0000000100000000)
  eden space 22016K, 0% used [0x00000000eab00000,0x00000000eab00000,0x00000000ec080000)
  from space 512K, 93% used [0x00000000ec500000,0x00000000ec578020,0x00000000ec580000)
  to   space 1536K, 0% used [0x00000000ec280000,0x00000000ec280000,0x00000000ec400000)
 ParOldGen       total 68608K, used 37563K [0x00000000c0000000, 0x00000000c4300000, 0x00000000eab00000)
  object space 68608K, 54% used [0x00000000c0000000,0x00000000c24aefc0,0x00000000c4300000)
 Metaspace       used 64249K, committed 65280K, reserved 1114112K
  class space    used 6959K, committed 7424K, reserved 1048576K
}
Event: 53.975 GC heap before
{Heap before GC invocations=34 (full 3):
 PSYoungGen      total 22528K, used 22496K [0x00000000eab00000, 0x00000000ec580000, 0x0000000100000000)
  eden space 22016K, 100% used [0x00000000eab00000,0x00000000ec080000,0x00000000ec080000)
  from space 512K, 93% used [0x00000000ec500000,0x00000000ec578020,0x00000000ec580000)
  to   space 1536K, 0% used [0x00000000ec280000,0x00000000ec280000,0x00000000ec400000)
 ParOldGen       total 68608K, used 37563K [0x00000000c0000000, 0x00000000c4300000, 0x00000000eab00000)
  object space 68608K, 54% used [0x00000000c0000000,0x00000000c24aefc0,0x00000000c4300000)
 Metaspace       used 64970K, committed 66048K, reserved 1114112K
  class space    used 7018K, committed 7488K, reserved 1048576K
}
Event: 53.994 GC heap after
{Heap after GC invocations=34 (full 3):
 PSYoungGen      total 23552K, used 576K [0x00000000eab00000, 0x00000000ec580000, 0x0000000100000000)
  eden space 22016K, 0% used [0x00000000eab00000,0x00000000eab00000,0x00000000ec080000)
  from space 1536K, 37% used [0x00000000ec280000,0x00000000ec310020,0x00000000ec400000)
  to   space 1024K, 0% used [0x00000000ec480000,0x00000000ec480000,0x00000000ec580000)
 ParOldGen       total 68608K, used 37880K [0x00000000c0000000, 0x00000000c4300000, 0x00000000eab00000)
  object space 68608K, 55% used [0x00000000c0000000,0x00000000c24fe0c0,0x00000000c4300000)
 Metaspace       used 64970K, committed 66048K, reserved 1114112K
  class space    used 7018K, committed 7488K, reserved 1048576K
}

