# JRE version: OpenJDK Runtime Environment Temurin-17.0.10+7 (17.0.10+7) (build 17.0.10+7)
# Java VM: OpenJDK 64-Bit Server VM Temurin-17.0.10+7 (17.0.10+7, mixed mode, tiered, compressed oops, compressed class ptrs, parallel gc, windows-amd64)
GC Precious Log:
 CPUs: 2 total, 2 available
 Memory: 8191M
 Large Page Support: Disabled
 NUMA Support: Disabled
 Compressed Oops: Enabled (32-bit)
 Alignments: Space 512K, Generation 512K, Heap 2M
 Heap Min Capacity: 100M
 Heap Initial Capacity: 100M
 Heap Max Capacity: 1G
 Pre-touch: Disabled
 Parallel Workers: 2
Heap:
 PSYoungGen      total 30720K, used 23151K [0x00000000eab00000, 0x00000000ee100000, 0x0000000100000000)
  eden space 30208K, 75% used [0x00000000eab00000,0x00000000ec164db0,0x00000000ec880000)
  from space 512K, 42% used [0x00000000ee080000,0x00000000ee0b6eb0,0x00000000ee100000)
  to   space 512K, 0% used [0x00000000ee000000,0x00000000ee000000,0x00000000ee080000)
 ParOldGen       total 68608K, used 40966K [0x00000000c0000000, 0x00000000c4300000, 0x00000000eab00000)
  object space 68608K, 59% used [0x00000000c0000000,0x00000000c2801a80,0x00000000c4300000)
 Metaspace       used 51826K, committed 52544K, reserved 1114112K
  class space    used 5085K, committed 5440K, reserved 1048576K
GC Heap History (20 events):
Event: 15.697 GC heap before
{Heap before GC invocations=21 (full 2):
 PSYoungGen      total 36352K, used 36095K [0x00000000eab00000, 0x00000000ee480000, 0x0000000100000000)
  eden space 35840K, 100% used [0x00000000eab00000,0x00000000ece00000,0x00000000ece00000)
  from space 512K, 49% used [0x00000000ee400000,0x00000000ee43fff8,0x00000000ee480000)
  to   space 2560K, 0% used [0x00000000edf80000,0x00000000edf80000,0x00000000ee200000)
 ParOldGen       total 68608K, used 29765K [0x00000000c0000000, 0x00000000c4300000, 0x00000000eab00000)
  object space 68608K, 43% used [0x00000000c0000000,0x00000000c1d11478,0x00000000c4300000)
 Metaspace       used 43864K, committed 44608K, reserved 1114112K
  class space    used 4441K, committed 4800K, reserved 1048576K
}
Event: 15.701 GC heap after
{Heap after GC invocations=21 (full 2):
 PSYoungGen      total 37376K, used 640K [0x00000000eab00000, 0x00000000ee480000, 0x0000000100000000)
  eden space 34816K, 0% used [0x00000000eab00000,0x00000000eab00000,0x00000000ecd00000)
  from space 2560K, 25% used [0x00000000edf80000,0x00000000ee020000,0x00000000ee200000)
  to   space 1024K, 0% used [0x00000000ee380000,0x00000000ee380000,0x00000000ee480000)
 ParOldGen       total 68608K, used 29989K [0x00000000c0000000, 0x00000000c4300000, 0x00000000eab00000)
  object space 68608K, 43% used [0x00000000c0000000,0x00000000c1d49470,0x00000000c4300000)
 Metaspace       used 43864K, committed 44608K, reserved 1114112K
  class space    used 4441K, committed 4800K, reserved 1048576K
}
Event: 17.860 GC heap before
{Heap before GC invocations=22 (full 2):
 PSYoungGen      total 37376K, used 35456K [0x00000000eab00000, 0x00000000ee480000, 0x0000000100000000)
  eden space 34816K, 100% used [0x00000000eab00000,0x00000000ecd00000,0x00000000ecd00000)
  from space 2560K, 25% used [0x00000000edf80000,0x00000000ee020000,0x00000000ee200000)
  to   space 1024K, 0% used [0x00000000ee380000,0x00000000ee380000,0x00000000ee480000)
 ParOldGen       total 68608K, used 29989K [0x00000000c0000000, 0x00000000c4300000, 0x00000000eab00000)
  object space 68608K, 43% used [0x00000000c0000000,0x00000000c1d49470,0x00000000c4300000)
 Metaspace       used 47611K, committed 48320K, reserved 1114112K
  class space    used 4805K, committed 5120K, reserved 1048576K
}
Event: 17.874 GC heap after
{Heap after GC invocations=22 (full 2):
 PSYoungGen      total 35328K, used 997K [0x00000000eab00000, 0x00000000ee480000, 0x0000000100000000)
  eden space 34304K, 0% used [0x00000000eab00000,0x00000000eab00000,0x00000000ecc80000)
  from space 1024K, 97% used [0x00000000ee380000,0x00000000ee479658,0x00000000ee480000)
  to   space 4608K, 0% used [0x00000000edb80000,0x00000000edb80000,0x00000000ee000000)
 ParOldGen       total 68608K, used 32728K [0x00000000c0000000, 0x00000000c4300000, 0x00000000eab00000)
  object space 68608K, 47% used [0x00000000c0000000,0x00000000c1ff60d0,0x00000000c4300000)
 Metaspace       used 47611K, committed 48320K, reserved 1114112K
  class space    used 4805K, committed 5120K, reserved 1048576K
}
Event: 43.078 GC heap before
{Heap before GC invocations=23 (full 2):
 PSYoungGen      total 35328K, used 35301K [0x00000000eab00000, 0x00000000ee480000, 0x0000000100000000)
  eden space 34304K, 100% used [0x00000000eab00000,0x00000000ecc80000,0x00000000ecc80000)
  from space 1024K, 97% used [0x00000000ee380000,0x00000000ee479658,0x00000000ee480000)
  to   space 4608K, 0% used [0x00000000edb80000,0x00000000edb80000,0x00000000ee000000)
 ParOldGen       total 68608K, used 32728K [0x00000000c0000000, 0x00000000c4300000, 0x00000000eab00000)
  object space 68608K, 47% used [0x00000000c0000000,0x00000000c1ff60d0,0x00000000c4300000)
 Metaspace       used 49496K, committed 50176K, reserved 1114112K
  class space    used 4915K, committed 5248K, reserved 1048576K
}
Event: 43.094 GC heap after
{Heap after GC invocations=23 (full 2):
 PSYoungGen      total 38400K, used 2615K [0x00000000eab00000, 0x00000000ee400000, 0x0000000100000000)
  eden space 33792K, 0% used [0x00000000eab00000,0x00000000eab00000,0x00000000ecc00000)
  from space 4608K, 56% used [0x00000000edb80000,0x00000000ede0dcf8,0x00000000ee000000)
  to   space 3072K, 0% used [0x00000000ee100000,0x00000000ee100000,0x00000000ee400000)
 ParOldGen       total 68608K, used 33671K [0x00000000c0000000, 0x00000000c4300000, 0x00000000eab00000)
  object space 68608K, 49% used [0x00000000c0000000,0x00000000c20e1eb0,0x00000000c4300000)
 Metaspace       used 49496K, committed 50176K, reserved 1114112K
  class space    used 4915K, committed 5248K, reserved 1048576K
}
Event: 88.039 GC heap before
{Heap before GC invocations=24 (full 2):
 PSYoungGen      total 38400K, used 34362K [0x00000000eab00000, 0x00000000ee400000, 0x0000000100000000)
  eden space 33792K, 93% used [0x00000000eab00000,0x00000000eca00c80,0x00000000ecc00000)
  from space 4608K, 56% used [0x00000000edb80000,0x00000000ede0dcf8,0x00000000ee000000)
  to   space 3072K, 0% used [0x00000000ee100000,0x00000000ee100000,0x00000000ee400000)
 ParOldGen       total 68608K, used 33671K [0x00000000c0000000, 0x00000000c4300000, 0x00000000eab00000)
  object space 68608K, 49% used [0x00000000c0000000,0x00000000c20e1eb0,0x00000000c4300000)
 Metaspace       used 50526K, committed 51264K, reserved 1114112K
  class space    used 4952K, committed 5312K, reserved 1048576K
}
Event: 88.049 GC heap after
{Heap after GC invocations=24 (full 2):
 PSYoungGen      total 33792K, used 414K [0x00000000eab00000, 0x00000000ee180000, 0x0000000100000000)
  eden space 33280K, 0% used [0x00000000eab00000,0x00000000eab00000,0x00000000ecb80000)
  from space 512K, 80% used [0x00000000ee100000,0x00000000ee167870,0x00000000ee180000)
  to   space 1536K, 0% used [0x00000000ede80000,0x00000000ede80000,0x00000000ee000000)
 ParOldGen       total 68608K, used 36182K [0x00000000c0000000, 0x00000000c4300000, 0x00000000eab00000)
  object space 68608K, 52% used [0x00000000c0000000,0x00000000c2355bd0,0x00000000c4300000)
 Metaspace       used 50526K, committed 51264K, reserved 1114112K
  class space    used 4952K, committed 5312K, reserved 1048576K
}
Event: 88.144 GC heap before
{Heap before GC invocations=25 (full 2):
 PSYoungGen      total 33792K, used 33694K [0x00000000eab00000, 0x00000000ee180000, 0x0000000100000000)
  eden space 33280K, 100% used [0x00000000eab00000,0x00000000ecb80000,0x00000000ecb80000)
  from space 512K, 80% used [0x00000000ee100000,0x00000000ee167870,0x00000000ee180000)
  to   space 1536K, 0% used [0x00000000ede80000,0x00000000ede80000,0x00000000ee000000)
 ParOldGen       total 68608K, used 36182K [0x00000000c0000000, 0x00000000c4300000, 0x00000000eab00000)
  object space 68608K, 52% used [0x00000000c0000000,0x00000000c2355bd0,0x00000000c4300000)
 Metaspace       used 50550K, committed 51328K, reserved 1114112K
  class space    used 4952K, committed 5312K, reserved 1048576K
}
Event: 88.155 GC heap after
{Heap after GC invocations=25 (full 2):
 PSYoungGen      total 34304K, used 96K [0x00000000eab00000, 0x00000000ee180000, 0x0000000100000000)
  eden space 32768K, 0% used [0x00000000eab00000,0x00000000eab00000,0x00000000ecb00000)
  from space 1536K, 6% used [0x00000000ede80000,0x00000000ede98000,0x00000000ee000000)
  to   space 512K, 0% used [0x00000000ee100000,0x00000000ee100000,0x00000000ee180000)
 ParOldGen       total 68608K, used 39223K [0x00000000c0000000, 0x00000000c4300000, 0x00000000eab00000)
  object space 68608K, 57% used [0x00000000c0000000,0x00000000c264dff8,0x00000000c4300000)
 Metaspace       used 50550K, committed 51328K, reserved 1114112K
  class space    used 4952K, committed 5312K, reserved 1048576K
}
Event: 88.422 GC heap before
{Heap before GC invocations=26 (full 2):
 PSYoungGen      total 34304K, used 30579K [0x00000000eab00000, 0x00000000ee180000, 0x0000000100000000)
  eden space 32768K, 93% used [0x00000000eab00000,0x00000000ec8c4f10,0x00000000ecb00000)
  from space 1536K, 6% used [0x00000000ede80000,0x00000000ede98000,0x00000000ee000000)
  to   space 512K, 0% used [0x00000000ee100000,0x00000000ee100000,0x00000000ee180000)
 ParOldGen       total 68608K, used 39223K [0x00000000c0000000, 0x00000000c4300000, 0x00000000eab00000)
  object space 68608K, 57% used [0x00000000c0000000,0x00000000c264dff8,0x00000000c4300000)
 Metaspace       used 50580K, committed 51328K, reserved 1114112K
  class space    used 4956K, committed 5312K, reserved 1048576K
}
Event: 88.427 GC heap after
{Heap after GC invocations=26 (full 2):
 PSYoungGen      total 32768K, used 484K [0x00000000eab00000, 0x00000000ee180000, 0x0000000100000000)
  eden space 32256K, 0% used [0x00000000eab00000,0x00000000eab00000,0x00000000eca80000)
  from space 512K, 94% used [0x00000000ee100000,0x00000000ee179110,0x00000000ee180000)
  to   space 1024K, 0% used [0x00000000edf80000,0x00000000edf80000,0x00000000ee080000)
 ParOldGen       total 68608K, used 39575K [0x00000000c0000000, 0x00000000c4300000, 0x00000000eab00000)
  object space 68608K, 57% used [0x00000000c0000000,0x00000000c26a5d30,0x00000000c4300000)
 Metaspace       used 50580K, committed 51328K, reserved 1114112K
  class space    used 4956K, committed 5312K, reserved 1048576K
}
Event: 88.542 GC heap before
{Heap before GC invocations=27 (full 2):
 PSYoungGen      total 32768K, used 30797K [0x00000000eab00000, 0x00000000ee180000, 0x0000000100000000)
  eden space 32256K, 93% used [0x00000000eab00000,0x00000000ec89a3a8,0x00000000eca80000)
  from space 512K, 94% used [0x00000000ee100000,0x00000000ee179110,0x00000000ee180000)
  to   space 1024K, 0% used [0x00000000edf80000,0x00000000edf80000,0x00000000ee080000)
 ParOldGen       total 68608K, used 39575K [0x00000000c0000000, 0x00000000c4300000, 0x00000000eab00000)
  object space 68608K, 57% used [0x00000000c0000000,0x00000000c26a5d30,0x00000000c4300000)
 Metaspace       used 50624K, committed 51392K, reserved 1114112K
  class space    used 4956K, committed 5312K, reserved 1048576K
}
Event: 88.549 GC heap after
{Heap after GC invocations=27 (full 2):
 PSYoungGen      total 32768K, used 512K [0x00000000eab00000, 0x00000000ee180000, 0x0000000100000000)
  eden space 31744K, 0% used [0x00000000eab00000,0x00000000eab00000,0x00000000eca00000)
  from space 1024K, 50% used [0x00000000edf80000,0x00000000ee000000,0x00000000ee080000)
  to   space 1024K, 0% used [0x00000000ee080000,0x00000000ee080000,0x00000000ee180000)
 ParOldGen       total 68608K, used 40076K [0x00000000c0000000, 0x00000000c4300000, 0x00000000eab00000)
  object space 68608K, 58% used [0x00000000c0000000,0x00000000c27230a8,0x00000000c4300000)
 Metaspace       used 50624K, committed 51392K, reserved 1114112K
  class space    used 4956K, committed 5312K, reserved 1048576K
}
Event: 88.660 GC heap before
{Heap before GC invocations=28 (full 2):
 PSYoungGen      total 32768K, used 31921K [0x00000000eab00000, 0x00000000ee180000, 0x0000000100000000)
  eden space 31744K, 98% used [0x00000000eab00000,0x00000000ec9ac648,0x00000000eca00000)
  from space 1024K, 50% used [0x00000000edf80000,0x00000000ee000000,0x00000000ee080000)
  to   space 1024K, 0% used [0x00000000ee080000,0x00000000ee080000,0x00000000ee180000)
 ParOldGen       total 68608K, used 40076K [0x00000000c0000000, 0x00000000c4300000, 0x00000000eab00000)
  object space 68608K, 58% used [0x00000000c0000000,0x00000000c27230a8,0x00000000c4300000)
 Metaspace       used 50681K, committed 51392K, reserved 1114112K
  class space    used 4959K, committed 5312K, reserved 1048576K
}
Event: 88.665 GC heap after
{Heap after GC invocations=28 (full 2):
 PSYoungGen      total 32256K, used 614K [0x00000000eab00000, 0x00000000ee180000, 0x0000000100000000)
  eden space 31232K, 0% used [0x00000000eab00000,0x00000000eab00000,0x00000000ec980000)
  from space 1024K, 60% used [0x00000000ee080000,0x00000000ee119b10,0x00000000ee180000)
  to   space 1024K, 0% used [0x00000000edf80000,0x00000000edf80000,0x00000000ee080000)
 ParOldGen       total 68608K, used 40449K [0x00000000c0000000, 0x00000000c4300000, 0x00000000eab00000)
  object space 68608K, 58% used [0x00000000c0000000,0x00000000c2780558,0x00000000c4300000)
 Metaspace       used 50681K, committed 51392K, reserved 1114112K
  class space    used 4959K, committed 5312K, reserved 1048576K
}
Event: 88.777 GC heap before
{Heap before GC invocations=29 (full 2):
 PSYoungGen      total 32256K, used 31099K [0x00000000eab00000, 0x00000000ee180000, 0x0000000100000000)
  eden space 31232K, 97% used [0x00000000eab00000,0x00000000ec8c5360,0x00000000ec980000)
  from space 1024K, 60% used [0x00000000ee080000,0x00000000ee119b10,0x00000000ee180000)
  to   space 1024K, 0% used [0x00000000edf80000,0x00000000edf80000,0x00000000ee080000)
 ParOldGen       total 68608K, used 40449K [0x00000000c0000000, 0x00000000c4300000, 0x00000000eab00000)
  object space 68608K, 58% used [0x00000000c0000000,0x00000000c2780558,0x00000000c4300000)
 Metaspace       used 50733K, committed 51456K, reserved 1114112K
  class space    used 4963K, committed 5312K, reserved 1048576K
}
Event: 88.781 GC heap after
{Heap after GC invocations=29 (full 2):
 PSYoungGen      total 31744K, used 177K [0x00000000eab00000, 0x00000000ee100000, 0x0000000100000000)
  eden space 30720K, 0% used [0x00000000eab00000,0x00000000eab00000,0x00000000ec900000)
  from space 1024K, 17% used [0x00000000edf80000,0x00000000edfac4d0,0x00000000ee080000)
  to   space 512K, 0% used [0x00000000ee080000,0x00000000ee080000,0x00000000ee100000)
 ParOldGen       total 68608K, used 40912K [0x00000000c0000000, 0x00000000c4300000, 0x00000000eab00000)
  object space 68608K, 59% used [0x00000000c0000000,0x00000000c27f4068,0x00000000c4300000)
 Metaspace       used 50733K, committed 51456K, reserved 1114112K
  class space    used 4963K, committed 5312K, reserved 1048576K
}
Event: 88.871 GC heap before
{Heap before GC invocations=30 (full 2):
 PSYoungGen      total 31744K, used 28941K [0x00000000eab00000, 0x00000000ee100000, 0x0000000100000000)
  eden space 30720K, 93% used [0x00000000eab00000,0x00000000ec717308,0x00000000ec900000)
  from space 1024K, 17% used [0x00000000edf80000,0x00000000edfac4d0,0x00000000ee080000)
  to   space 512K, 0% used [0x00000000ee080000,0x00000000ee080000,0x00000000ee100000)
 ParOldGen       total 68608K, used 40912K [0x00000000c0000000, 0x00000000c4300000, 0x00000000eab00000)
  object space 68608K, 59% used [0x00000000c0000000,0x00000000c27f4068,0x00000000c4300000)
 Metaspace       used 50758K, committed 51456K, reserved 1114112K
  class space    used 4963K, committed 5312K, reserved 1048576K
}
Event: 88.874 GC heap after
{Heap after GC invocations=30 (full 2):
 PSYoungGen      total 30720K, used 219K [0x00000000eab00000, 0x00000000ee100000, 0x0000000100000000)
  eden space 30208K, 0% used [0x00000000eab00000,0x00000000eab00000,0x00000000ec880000)
  from space 512K, 42% used [0x00000000ee080000,0x00000000ee0b6eb0,0x00000000ee100000)
  to   space 512K, 0% used [0x00000000ee000000,0x00000000ee000000,0x00000000ee080000)
 ParOldGen       total 68608K, used 40966K [0x00000000c0000000, 0x00000000c4300000, 0x00000000eab00000)
  object space 68608K, 59% used [0x00000000c0000000,0x00000000c2801a80,0x00000000c4300000)
 Metaspace       used 50758K, committed 51456K, reserved 1114112K
  class space    used 4963K, committed 5312K, reserved 1048576K
}

